<?xml version="1.0" encoding="UTF-8"?>
<!-- Generated by org.testng.reporters.JUnitReportReporter -->
<testsuite hostname="NLPULTP7204778" failures="0" tests="3" name="Test_Scenarios.TestMethods_GoogleSearch" time="57.847" errors="0" timestamp="2024-01-11T16:07:07 IST" skipped="0">
  <testcase classname="Test_Scenarios.TestMethods_GoogleSearch" name="SearchOperation" time="4.325"/>
  <system-out/>
  <testcase classname="Test_Scenarios.TestMethods_GoogleSearch" name="VerifyandaccessDemoQA" time="44.140"/>
  <system-out/>
  <testcase classname="Test_Scenarios.TestMethods_GoogleSearch" name="VerifyLoginApp" time="9.382"/>
  <system-out/>
</testsuite> <!-- Test_Scenarios.TestMethods_GoogleSearch -->
