<?xml version="1.0" encoding="UTF-8"?>
<!-- Generated by org.testng.reporters.JUnitReportReporter -->
<testsuite hostname="NLPULTP7204778" failures="0" tests="3" name="Test_Scenarios.TestMethods_GoogleSearch" time="0.301" errors="0" timestamp="2024-01-13T21:20:49 IST" skipped="2">
  <testcase classname="Test_Scenarios.TestMethods_GoogleSearch" name="SearchOperation" time="0.301"/>
  <system-out/>
  <testcase classname="Test_Scenarios.TestMethods_GoogleSearch" name="VerifyLoginApp">
    <skipped/>
  </testcase> <!-- VerifyLoginApp -->
  <system-out/>
  <testcase classname="Test_Scenarios.TestMethods_GoogleSearch" name="VerifyandaccessDemoQA">
    <skipped/>
  </testcase> <!-- VerifyandaccessDemoQA -->
  <system-out/>
</testsuite> <!-- Test_Scenarios.TestMethods_GoogleSearch -->
