<?xml version="1.0" encoding="UTF-8"?>
<!-- Generated by org.testng.reporters.JUnitReportReporter -->
<testsuite hostname="NLPULTP7204778" failures="0" tests="2" name="testngBeforesuite.Leveloftestng" time="0.007" errors="0" timestamp="2023-11-08T15:49:47 IST" skipped="0">
  <testcase classname="testngBeforesuite.Leveloftestng" name="test1" time="0.005"/>
  <testcase classname="testngBeforesuite.Leveloftestng" name="test2" time="0.002"/>
</testsuite> <!-- testngBeforesuite.Leveloftestng -->
