<?xml version="1.0" encoding="UTF-8"?>
<!-- Generated by org.testng.reporters.JUnitReportReporter -->
<testsuite hostname="NLPULTP7204778" failures="0" tests="1" name="testngBeforesuite.Home_Loan" time="0.001" errors="0" timestamp="2023-11-07T12:36:31 IST" skipped="0">
  <testcase classname="testngBeforesuite.Home_Loan" name="test2" time="0.001"/>
</testsuite> <!-- testngBeforesuite.Home_Loan -->
