<?xml version="1.0" encoding="UTF-8"?>
<!-- Generated by org.testng.reporters.JUnitReportReporter -->
<testsuite hostname="NLPULTP7204778" failures="0" tests="1" name="testngBeforesuite.Titleverifyorder" time="0.017" errors="0" timestamp="2023-11-08T18:31:14 IST" skipped="0">
  <testcase classname="testngBeforesuite.Titleverifyorder" name="verifyHomepageTitle" time="0.017"/>
</testsuite> <!-- testngBeforesuite.Titleverifyorder -->
