<?xml version="1.0" encoding="UTF-8"?>
<!-- Generated by org.testng.reporters.JUnitReportReporter -->
<testsuite hostname="NLPULTP7204778" failures="0" tests="1" name="testngBeforesuite.Loginclass" time="1.633" errors="0" timestamp="2023-11-07T17:14:15 IST" skipped="0">
  <testcase classname="testngBeforesuite.Loginclass" name="checkLogin" time="1.633"/>
</testsuite> <!-- testngBeforesuite.Loginclass -->
