<?xml version="1.0" encoding="UTF-8"?>
<!-- Generated by org.testng.reporters.JUnitReportReporter -->
<testsuite hostname="NLPULTP7204778" failures="0" tests="1" name="testngBeforesuite.Loginclass" time="0.384" errors="0" timestamp="2024-09-23T19:51:21 IST" skipped="0">
  <testcase classname="testngBeforesuite.Loginclass" name="checkLogin" time="0.384"/>
</testsuite> <!-- testngBeforesuite.Loginclass -->
