<?xml version="1.0" encoding="UTF-8"?>
<!-- Generated by org.testng.reporters.JUnitReportReporter -->
<testsuite hostname="NLPULTP7204778" failures="0" tests="1" name="testngBeforesuite.Car_Loan" time="0.005" errors="0" timestamp="2023-11-07T12:36:31 IST" skipped="0">
  <testcase classname="testngBeforesuite.Car_Loan" name="test" time="0.005"/>
</testsuite> <!-- testngBeforesuite.Car_Loan -->
