<?xml version="1.0" encoding="UTF-8"?>
<!-- Generated by org.testng.reporters.JUnitReportReporter -->
<testsuite hostname="NLPULTP7204778" failures="0" tests="1" name="testngBeforesuite.Personal_Loan" time="0.002" errors="0" timestamp="2023-11-07T12:19:54 IST" skipped="0">
  <testcase classname="testngBeforesuite.Personal_Loan" name="test3" time="0.002"/>
</testsuite> <!-- testngBeforesuite.Personal_Loan -->
